dispatching 1
offices 4
even 8
aware 3
clefts 1
hatred's 1
moments 1
formerly 1
dining 2
ink 1
constables 1
merge 1
carefully 1
to-morrow 1
strange 10
habits 1
celebrated 1
dishonor 1
sounds 1
edwards 2
having 7
cheese 1
pretending 1
tombs 5
brooding 1
frame 2
period 6
fall 1
morning 24
cheerfully 1
anxiously 1
terms 1
indignation 1
looking 7
twelve 9
ward-politician 1
commanded 2
curiosity 4
wondrous 1
compliance 3
exempt 1
poor 9
wears 1
shiver 1
agent 1
ring:-the 1
customs 1
doubtless 5
rolled 2
dead-wall 4
interval 2
petra 1
immoral 1
proverbially 2
exclaiming 1
cadaverous 2
unwilling 1
legitimate 1
blind 1
glimpse 1
often 5
added-``after 1
passion 4
declined 3
own 23
attention 1
there''-and 1
safe 2
perpetual 2
stillness 2
forlorn 2
fumbling 1
courts 2
mr 3
vulgar 1
here 23
self-possessed 2
closed 5
legal 4
known 4
decently 1
demented 1
tie 1
prudential 1
noted 1
relate 1
openly 1
rebellion 1
procuring 1
seize 2
gloom 3
grand 2
spicy-after 1
torrent 1
doctrine 1
cake-small 1
accuracy 2
humanity 1
providence 1
choleric 1
doors 3
gorge 1
ill 2
staggered 1
inquiring 1
trivial 2
pensive 1
dissipation 1
has 14
generous 2
smile 1
civilest 1
incidentally 1
keeping 2
harsh 1
shoulder 3
penetrate 1
indulge 1
evinced 1
relatives 1
mercy's 1
portly 1
miserable 2
style 1
laid 1
remarks 2
the 603
unrelieved 1
a 334
dinner 8
flat 1
can 13
intolerable 2
mastered 1
curious 1
me-``i'd 1
your 27
soon 5
chiefly 2
universe 1
friend 6
hands 5
winter 1
nicknames 1
dropped 5
honesty 2
panes 2
exposed 1
title-deed 1
indeed 15
office-room 1
hesitation 1
objection 1
shillings 1
operate 1
general 2
dismission 1
attracted 1
tended 1
valuing 1
crimpy 1
elicit 1
temple 1
fathom 1
accomplish 1
beings 2
incidental 1
baggy 1
mild 3
stop 1
good 10
contained 1
altogether 4
harmed 1
excited 4
residing 1
deemed 3
twenty 4
dry-goods 1
afford 1
desk:-then 1
turf 1
cost 1
sing-sing 1
undeniable 1
trespasser 1
noisy 1
wonderful 3
acuteness 1
mouth 4
bachelor's 1
pages 1
pieces 2
souls 1
account 5
tempted 2
opinion 2
bitterly 1
 1
sir 23
rather 13
sad 3
cadaverously 1
methodically 1
warned 1
bound 1
probabilities 1
beyond 1
serene 1
counted 1
obtruded 1
sick 1
taken 4
contentedly 1
elsewhere 1
times 5
eats 4
hindrance 1
recesses 1
execable 1
thin 1
dollar 2
light 3
absence 1
bullion 1
deep 2
wonder 1
saving 1
especially 4
clapping 1
recondite 1
masterly 2
dragged 1
assist 5
savings 1
lay 2
ado 1
amiss 1
people 2
threshold 2
hear 3
hereafter 1
unreasonable 1
indulgence 1
unhallowed 1
pernicious 1
character 2
learned 1
irreversible 1
shivering 1
involuntary 1
uncharitable 1
plainest 1
do-i 1
rings 1
abode 2
browbeaten 1
ordinary 1
tenants 3
science 1
again 14
corridor 1
arisen 1
whether 7
favor 1
conclude 1
bore 2
ginger 14
unmanned 2
manifestations 1
less 5
something 19
alone 7
continual 1
instead 1
eleven 1
demeanor 1
abrogation 1
plate 1
oratorically 1
recalling 1
pay 3
tranquilly 3
appear 3
faltering 1
potations 1
entertained 1
spasmodic 1
promise 1
resistance 1
all 67
left 10
wherever 1
blot 2
superstitious 1
tragedy 1
prompt 1
lose 3
party 1
flavoring 1
honorable 1
necessities 1
overlook 1
settle 2
too 15
loftier 1
acquaintance 2
denouncing 1
conversation 1
strike 2
bust 2
smallest 1
embrace 1
absent 1
weekly 1
seem 5
condition 1
repeat 2
expectancy 1
silks 1
probable 1
why 7
expression 2
advent 1
soft 1
assumed 5
end 5
how 14
moreover 4
traps 1
presently 1
mere 4
huddled 1
it 164
suspicion 1
revealed 1
mrs 2
perverseness 1
sport 1
useless 1
sources 1
experienced 1
blankly 1
propose 1
detained 1
prime 1
saturday 1
upwards 1
joy 1
eccentricities 6
weak 1
hunted 1
its 9
church-going 1
demonstrations 1
forlornest 1
each 4
ascendancy 1
array 1
fixture 2
minutes 2
selfishness 2
brandy-like 1
speedily 1
cane 1
admission 1
quite 9
claim 1
birth 1
improve 1
aside 2
sadly 2
decorous 1
agitation 1
sufficiently 2
chambers 14
ordinarily 1
gritted 1
silver 1
rich 1
professionally 1
annually 1
begged 1
to-in 1
head 6
deem 2
beautiful 1
days 13
singularly 2
gentleman 3
wafers-indeed 1
invention 1
salutary 1
moved 2
exercise 1
gay 1
histories 1
pillar 1
high 5
brilliant 1
bravado 1
bound-indeed 1
travel 1
faint 1
avoid 1
famishing 1
perhaps 5
permanently 2
driven 1
night's 1
absolutely 2
temper 3
you'll 1
employment 1
usually 1
fact 8
dined 1
evident 1
inherent 1
true,-but 1
masonry 1
outlive 1
soul 6
tenanting 1
nor 2
incensed 2
yourn 1
client 1
day 22
placed 2
contact 2
copied 3
compassionated 1
repeated 1
energetic 3
seal 1
strangest 1
plume 1
recital 1
spitzenbergs 1
persuasion 1
half 2
slits 1
bonds 1
incentives 1
imagine 2
tongues 1
biographies 1
seats 1
densely-populated 1
occasional 2
awed 1
eight 1
awhile 2
cell 1
obstreperous 1
blazonry 1
various 2
noiselessly 1
vintner 1
horrible 1
us 3
chair 6
seeking 1
divided 1
arranged 2
myself 26
contents 1
blotting 1
conjoined 1
excuse 1
inches 1
furthermore 1
resolving 1
watching 1
obscurely 1
predestinated 2
tidings 2
justified 2
done 10
fast 1
folding-doors 4
remarkable 1
dutch 1
perfect 2
week 3
precipitately 1
summer 3
retired 2
secular 1
sheet 2
uncaring 1
wanted 4
enlist 1
disqualified 1
erections 1
abridge 1
helpless 1
important 2
anticipations 1
health 2
contracted 1
management 1
newspaper 2
scandalizing 1
mainly 1
undiminished 1
ascertain 1
private 4
determination 1
effects 2
stride 1
hired 2
fraternal 1
taxes 1
promising 1
books 1
drawn 1
months 1
shaft 1
attic 1
sir;-spacious 1
desperation 1
firm 2
credited 1
conviction 1
hand 11
deeply 2
answered 5
glowing 1
two 14
human 4
severe 3
men 7
keys 1
humanizing 1
breeding 1
coupling 1
corps 1
indefinite 1
ajar 1
which 45
wholesome 1
cicero 2
will 46
beckoned 1
sour 1
record 1
cruelty 1
forth 3
incautious 1
aid 1
faith 1
unto 2
ask 2
forgetful 1
certainly 3
absurdly 1
spoke 2
additional 2
sons 1
pallor 1
quietest 1
wrongs 1
drank 1
companion 1
limb 1
flighty 2
sure 6
move 2
seedy 1
winding 1
ambition 2
touched 5
dime 1
lurk 1
serious 1
sideways 1
profits 1
broadway 4
constituents 1
aught 1
starting 1
genteel-like 1
then,-good 1
notice 1
inkstand 2
implied 1
rapidly 1
delay 2
motionless 2
exclaimed 4
conferred 2
unwonted 1
going-good-bye 1
increased 2
dun 1
flying 1
gradual 1
goaded 1
vanity 3
complained 2
imprimis 1
bad 2
words 7
ate 1
lawyer 5
study 1
bill 2
blending 1
possible-he 1
radiant 1
fell 2
nigh 2
any 47
after 20
unofficially 1
haughtiness 1
vision 1
best 8
profession 2
accordingly 3
observations 1
writer 1
grave 1
ascertainable 1
like 24
lying 1
youth 2
week-days 1
diligence 1
fain 2
sat 10
bear 2
mixed 1
unable 1
direction 3
wearisome 1
prompted 1
sense 3
employees 1
receiving 3
loiter 1
boy 2
treated 1
mysteries 1
pity 6
lengthy 2
wildly 1
arm 3
last 20
story 1
blotted 1
carts 1
gently 5
sulky 1
submission 7
perplexing 1
misfortune 1
long-lived 1
pleased 1
pugilistic 1
money 4
persisting 1
remains 1
superior 1
determined 1
space 1
motive 1
basin 1
scene 1
perverse 1
imagination 3
regarded 1
respectfully 2
entry 3
constable 1
unobstructed 1
nay 4
only 16
among 9
looked 6
harmless 3
actor 1
noble 1
credit 2
resolves 1
require 1
strove 2
previous 3
dinner-hour 1
either 2
love 2
lived 1
particular 5
disdain 1
rebelled 1
con 1
near 1
allude 1
thus!''-and 1
slip 1
narrated 1
run 1
past 1
lie 1
dyspeptic 1
unemployed 2
poet 1
nut 11
knew 6
twitching 1
grim 1
mollified 1
salt 1
request-a 1
rested 1
odd 2
uneasiness 3
examination 2
blanket 1
narrative 1
usage 3
i'll 2
coat 8
temporarily 1
self-indulgent 1
dictate 1
meditate 1
some 42
testiness 1
fatal 1
steal 1
insolent 2
bring 1
ambiguous-looking 1
concerning 6
visage 1
shade 1
voice 4
violently 2
melancholy 5
earlier 1
homeward 1
up 29
cold 2
rashnesses 1
herman 1
folding-door 1
dark 1
want 5
found 7
hardly 4
aspect 3
highly 1
is 74
inasmuch 3
pressing 1
express 1
noticed 2
conceivable 1
his 219
stooped 2
me-one 1
chose 2
required 2
oily 1
first 13
penetrating 1
unalterable 1
work 4
understood 1
consideration 3
seldom 4
paper 7
trembled 1
short 10
within 8
capacities 1
he 218
horse 1
snug 2
obeying 1
advertisement 1
landlord's 1
ground 5
copyists 2
letters 5
uncarpeted 2
duties 1
irritability 2
caught 1
say 17
thwarting 1
boxing 1
consternation 2
cakes 2
dead 5
steadiness 1
wished 2
wrong 1
moistening 1
filed 1
saying 5
assumption 4
second 5
drawer 1
bids 1
great 14
entreated 1
dreamy 1
heat 2
reserving 1
behalf 1
student 1
sentry 1
item 2
spectators 1
interment 1
creature 4
turkey's 6
home-thrust 1
meanwhile 1
meridian 3
regards 1
reading-no 1
skylight 1
sun 1
come 7
cloudless 1
entered 5
threw 5
special 2
bar-tender's 1
transformed 1
materials 1
lustrous 2
commended 1
wisely 1
there 43
continued 2
rise 2
building 5
done-i 1
gentler 1
occupying 3
disposed 1
steadiest 1
scriveners 6
carried 1
reached 1
sharp 1
before-would 1
nippers-``i'd 1
approved 1
till 4
join 1
whole 5
propriety 1
stipulations 1
form 2
ere 4
broad 1
parts 2
cents 1
rest 2
procure 2
holding 2
determining 1
precise 1
talk 1
dry 1
rid 8
ruins 1
unwarrantable 1
quiet 4
thereupon 1
grinding 1
say-i 1
alarmed 1
happy 1
adopt 1
bandanna 1
involuntarily 2
assorting 1
every 14
laying 1
associations-an 1
spilled 1
spy-glass 1
unaccountable 2
somewhere 1
mortified 1
eat 1
divine 1
further 10
i-``that's 1
coaxing 1
in 265
recognized 1
argue 1
dimly 1
prisoners 1
nervous 4
inflexible 1
holes 1
my 196
convenient 2
confinement 3
coals 1
pallid-how 1
rockaway 2
inform 1
europe 1
store 1
that's 3
racket 1
divers 1
suggesting 1
replied 10
circle 1
exist 1
uproar 1
triumph 1
forbidding 1
takes 1
beauty 1
many 3
rapid 1
hint 2
abated 1
preferred 2
pantaloons 1
occupancy 1
sixty 1
quick-witted 1
tranquil 1
ensued 1
perplexity 3
sweet 2
or 44
nut-shell 1
washington 1
disagree 1
removed 6
call 7
get 6
isolate 1
fears 2
knowing 2
whim 1
eternity 1
bartleby 118
sky 1
officer 1
unfortunate 2
slid 3
englishman 2
fully 2
beauties 1
knowledge 1
cart 1
incurable 1
highly-respectable 1
stood 6
crossing 1
driving 1
single 1
operates 1
ears 1
ghost 2
pride's 1
bless 1
organization 1
window 7
wherein 1
difficulty 1
instant 3
charm 1
arrangement 3
sixpences 1
scrape 2
listen 1
daily 2
speaking 2
ought 3
hall 2
residence 1
consist 1
dusted 1
confess 1
place 14
handkerchief 1
yours.-will 1
naked 1
effectual 1
functionary 1
astonishment 1
away 13
seemed 16
spoken 1
passivity 1
astoria 1
emptiness 1
certain 15
beer-nippers 1
black 3
idle 3
collared 1
leaned 1
understand 1
serenely 1
essayed 1
spark 1
quit 9
instantly 2
steaming 1
drew 1
start 1
probability 1
else 5
reconciled 1
thumb 1
neck 1
superfluous 1
telling 1
quietly 2
alacrity 1
bed 1
life 10
become 2
water 1
returned 5
those 13
ginger-nuts 6
let 7
refusal 1
kings 1
fear 1
nuts 1
we 7
columns 1
should 20
witnesses 1
irritated 1
leaving 2
employments 1
scrivener 17
dine 2
knob 1
purveyor 1
loudly 1
rushed 1
sore 2
fit 2
meagre 1
week's 1
shirt-button 1
lo 2
wall-street 3
ignominiously 2
turbulence 1
really 1
largely 1
scorned 1
decline 2
conscience 3
halls 1
ingenious 1
toward 1
oh 3
withheld 1
fullest 1
hurried 4
letter 3
forlornness 1
reveries 3
mission 1
swept 1
addressed 1
built 1
hovered 1
draws 1
out 27
vain:-i 1
grind 1
father 1
remembered 7
repeating 1
towel 1
furnish 1
grate 2
higher 1
forger 1
nevertheless 5
avail 1
slunk 1
need 2
completely 1
room 16
melville 1
aberration 1
individual 3
nippers 31
clerks 6
began 4
house 3
plan 2
there?-copying 1
hurriedly 1
upper 1
paid 1
passed 6
failure 1
dared 1
long-continued 1
behold 2
magic 1
inveteracy 1
turnkey 3
course 6
button 1
sudden 4
terrible 3
asked 4
bidding 1
flamed 1
chamber 1
regularity 1
resisting 1
threat 1
calling 6
intimated 1
unprovided 1
got 3
entertain 1
pronouncing 1
joined 1
invariable 1
strangers 1
sentimental 1
anger 1
suitable 2
chafing 1
rousing 1
mistakes 1
truly 1
now-not 1
angle 1
heavy 1
responsible 2
unaccountably 1
accidentally 1
whom 8
anger's 1
hairs 2
intent 2
consequent 1
directed 1
buttoned 2
vegetables 1
tacit 1
respectable 1
approached 2
momentary 1
reply 10
nay-if 1
colt 3
banisters 1
calamities 1
walking 1
aggravates 1
moods 1
soap 2
produce 2
encounter 1
questions 1
handful 1
post-office 2
title-deeds 1
occupied 4
delighted 1
stirred 1
unused 1
retrospectively 1
himself 14
written:-i 1
relation 1
income 1
passing 2
thing 24
hides 1
cause-indigestion-the 1
and 376
stopped 1
intends 1
maledictions 2
trouble 2
intimating 1
instinctively 1
copying 9
swiftest 1
blocks 1
debating 1
monroe 2
mobbed 1
pushed 1
awakening 1
door 13
pause 2
preferences 2
resembled 1
know 11
befriend 1
friendly 1
dwelling-and 1
late 5
i'd 2
necklace 1
find 5
revolving 3
together 4
do 50
reasonable 3
page-is 1
incipient 1
custom 1
jacob 3
roguishly 1
decision 1
slightly 2
guards 1
intolerably 1
disposition 2
tribulation 1
accessible 1
admonitions 1
freedom 1
dim 2
eyesight 1
noon 3
lives 2
mail 1
steadfastly 2
stationary 2
imprudently 1
copy 7
decide 1
friendlessness 1
respect 2
stunned 1
continually 3
prison 2
enhance 1
fearful 2
sun-light 1
pure 1
open 7
hissing 1
conversation,-how 1
haste 2
disgraceful 1
accord 1
retreat 3
things 6
seen 6
here-take 1
coats 3
then-you 1
hours 3
uncomfortable 1
cushioned 1
downy 1
severely 1
round,-``and 1
names 2
relentless 1
apprised 1
withdraw 2
dangerous 1
have 50
nippers's 2
terminated 1
old 11
examining 3
nettled 1
astor's 1
history 4
reserve 1
advancing 2
inadvertently 1
suffice-in 1
wise 2
noise 1
re-entered 1
common 12
concluded 4
sentence 1
hinted 1
solved 1
rippled 1
written 2
flurried 2
carman 1
meat-like 1
grinning 1
injunction 1
unless 1
rounded 1
advise 1
placing 1
deeper 1
spent 1
rude 1
natural 3
personal 1
peace 2
striding 1
endeavored 1
clearest 1
between 4
remainder 1
summoning 1
wide 1
apartments 2
fists 1
aint 2
presentiments 1
awaken 1
opportunity 2
invocation 1
oats 2
despondency 1
rejoined 1
gentlemanly 4
doff 1
rash 3
matter 7
lessen 1
deportment 1
son 1
conceive 1
high-tempered 1
intelligence 1
usurpation 1
applause 1
look 5
whereas 2
persisted 1
gratify 1
precisely 1
thunderstruck 1
usages 1
chances 1
wander 1
foremost 1
feel 5
quadruplicate 1
disconcerted 1
flute-like 1
blandly 1
obstacle 1
kept 7
steps 1
sailing 1
adequately 1
moment 9
more 31
scores 1
indispensable 3
mutually 1
seat 2
numerous 1
noiseless 1
title 1
heard 4
constant 2
refuse 3
delicate 1
shells 1
hath 1
gradually 1
exhibited 1
back-yards 1
perturbed 1
quickest 1
dipping 1
church 2
thoughts 2
affairs 3
windows 2
confidence 2
deference 1
thereof 1
he's 3
slight 1
ponderings 1
conducted 1
sedate 1
critical 1
undertake 1
clerkship 3
procedure 5
escape 1
try 1
remained 9
answerable 1
usual 5
won't 3
courtesy 1
sitting 3
revealing 1
louder 1
friends 3
proves 1
proceeding 4
extended 1
fumes 1
yourself 4
carrying 1
twenty-four 1
handed 1
mississippi 1
obtain 1
steep 1
outright 1
probably 2
effrontery 1
enabling 1
agreeable 2
lips 1
exasperated 2
theory 1
fairly 1
frequently 2
absent-mindedness 1
surmise 1
prompting 1
restless 1
relative 1
be 83
disturbed 1
irresistibly 1
held 2
spectator 1
business-that 1
nervously 1
growing 1
persecute 1
ear 1
wish 1
surprise 1
nuisance 1
deceived 2
fro 1
simply 5
haunt 1
this 70
appreciate 1
says 2
bricks 1
room-that 1
five 2
worried 1
sundry 1
entreat 1
wholly 3
break 1
loose 1
true 2
chief 1
vehement 1
earnest 2
most 9
considerations 2
touching 6
powers-ambition 1
fate 1
narrowly 1
than 17
led 4
induced 2
rashness 1
matched-for 1
re-engage 1
recently 2
efforts 1
populous-a 1
tried 2
succor 1
vexing 1
comparatively 1
generally 3
chancery 3
election 1
case 4
interest 1
repulse 1
tongue 2
palely 1
errand 2
listening 1
i 519
visited 3
occasion 3
emerge 1
removing 1
troubles 1
said-``is 1
lurking 1
morbid 1
success 3
inside 1
longer 4
once 6
warm 2
bald 1
crunching 1
dusty 1
remain 5
impatience 3
take 11
tempting 1
willing 2
resolved 6
knuckles 1
organic 1
discovered 1
ways 5
alms 1
reasons 1
comfort 1
effect 6
boiler 1
return 1
arguing 1
errands 1
ambitious 1
mood 3
vain 1
blazed 1
misery 3
chips 1
waiting 3
clearly 1
dependent 1
assign 1
standing 10
thinking 3
right-hand 1
charitably 1
recovered 1
excitement 3
least 8
occurred 4
doing 6
seek 3
turn 4
check 1
me-no 1
rent 1
throughout 1
repulsion 1
ace 1
drawing 3
spiritual 1
thieves 1
appearance 3
god 1
concerned 1
felt 8
alleged 1
enlisted 1
shall 13
beer 2
person 10
pursy 1
discontent 1
disorder 1
wore 1
still 8
doesn't 2
burned 2
jerk 1
document 3
vice 1
presented 2
go?-done 1
touch 1
doubts,-i 1
side-window 1
very 29
them 23
drive 1
fortunate 1
saw 12
thought 30
millstone 1
violate 1
inconvenience 1
starve 2
given 4
see 14
information 1
accomplishing 1
awakes 1
possible 4
attorney 2
roared 2
vastly 1
expressive 1
hoboken 1
belong 1
affair 2
bond 1
adams 2
breathe 1
faces 1
previously 1
mankind 1
imprisoned 1
suit 4
principle 1
pocket-and-and 1
presence 1
sorry 5
besides 3
unwholesome 1
careful 1
singular 4
being 23
acquiesced 2
nature 4
brass 1
on 58
remonstrated 1
stalls 1
right 6
mortal 1
man-here 1
compare 2
hopelessness 2
yours 1
did 22
former 1
employer 1
three 5
peculiarities 1
mortal,-you 1
ragged 1
nothing 27
attentively 1
final 4
combativeness 1
feeling 3
basis 1
pitiably 1
knotted 1
degree 2
administration 1
reinforcement 1
deserted 2
finally 2
enlists 1
example 1
coal 1
pain 2
into 27
point 5
always 6
these 21
overturn 1
meridian-his 1
byron 1
cutlets 3
retire 1
must 28
bound-to-to-to 1
quest 1
unanswerable 1
austere 1
misunderstood 1
wight?-my 1
post 2
unnecessary 1
bit 3
ruler 2
spine 1
police 2
group 2
agreeably 1
hour-it 1
down 12
good-bye 3
fetch 1
charged 1
diseased 1
both 3
definite 1
around 1
across 2
pointing 2
comfortable 1
point-blank 1
informed 3
imperative 1
exceeding 1
subsequent 2
help 8
penniless 1
learn 1
whisper 1
note 2
aching 1
recovering 1
altercation 1
sallow 1
there;-first 1
yards 3
lock 3
yesterday 1
don't 1
sorts 3
remember 1
permit 1
glazed 1
morsel 2
connection 1
never 24
fixed 2
rose 2
self-interest 1
where 8
dismantled 1
resentment 2
suddenness 1
otherwise 5
sir-hope 1
gone 5
make 8
upon 66
landing 1
no.-wall-street 3
ever,-but 1
cause 1
enthusiasm 1
motionlessness 1
none 3
conveyancer 1
spread 1
augmented 1
statement 2
locked 3
reappear 1
thickness 1
audibly 1
labor 1
surely 5
speak 7
ah 2
industry 2
privately 1
surrendering 1
actual 1
gobble 1
quadruplicates 1
death 1
6 1
hat 4
content 1
breakfast 1
manhattanville 1
occasionally 2
despairing 2
honest 1
approaching 1
gentle 1
coincidences 1
inserted 2
man 36
appearance;-this 1
that 194
now-pallidly 1
unexampled 1
tea-time 1
activity 1
cheaply 1
proceed 2
slightest 2
industrious 1
stinging 1
going 9
overheard 2
society 1
disappeared 2
better 5
mean 5
contrast 1
compressing 1
brandy 1
sweeping 1
through 9
vagary 1
gather 1
birds 1
avocations 2
arms 3
key 7
urgings 1
salutation 1
middle 2
pained 2
nonchalance 1
amid 1
no 57
occasioned 1
for 108
fits 1
bold 1
preacher 1
considered 4
enact 1
grimy 1
rub 1
clear 1
turkey 38
crowded 1
who 23
live 3
astor 2
invariably 1
veering 1
comes 1
irritable 2
over 19
deficient 2
you 125
filled 1
respects 1
touchingly 1
crisp 1
immediately 5
response 1
unaffectedly 1
insensible 1
opened 5
practice-there 1
brief 2
lines 1
page 1
night 5
pigeon 1
killed 2
disinterested 1
facts 1
dubious 1
such 27
trembling 1
rudely 1
weight 1
arduous 1
compassionate 1
cake 1
dispatch 1
demanded 2
bench 1
slow 1
inadvertence 1
done-though 1
smoothly 1
push 1
severer 1
insolence 1
reproach 1
huge 2
crossed 1
gentleman's 1
advanced 3
think 20
assert 1
gazing 1
behavior 1
unawares 1
immovable 2
inclosed 1
red 3
relieved 1
connected 1
seriously 3
begins 3
jostle 1
it?-of 1
plainly 1
unhoping 1
acknowledge 2
deplore 1
solitude 2
question 3
add 1
law-copyists 2
whatever 3
nightfall 1
dispassionate 1
while 14
wreck 1
unreservedly 1
base 1
valuable 2
world 3
mine 4
quantity 1
compatriot 1
followed 1
because 5
pleasure 1
however 7
answer 15
silently 5
opposition 1
occasions 2
habit 1
enter 1
little 19
jail 2
paroxysms 1
mouths 1
anthracite 1
exasperating 1
bundle 1
oriental 1
made 13
stated 2
roof 1
whence 1
attempt 2
perceived 3
stationery 1
incessant 1
unbounded 1
neat 2
marius 1
swan-like 1
law-chambers 1
enough 1
egyptian 1
marshal 1
annoyances 1
conclusion 2
tremor 2
husky 1
thoroughly 1
native 1
reseated 1
piratical-looking 1
support 2
indignant 1
jumping 1
genius 1
door-since 1
preceding 1
em-can't 1
fourth 2
early 1
name 4
plaster-of-paris 1
extinct 1
faults 1
eccentric 1
passiveness 1
wiser 1
subordinate 1
moodiness 1
indifference 1
fronting 1
admitting 1
considerable 3
knocked 1
named 2
suffering 2
finding 3
corner 4
reasonable:-say 1
echoed 1
exemptions 1
refuses 4
decided 5
eventually 1
age 2
turns 1
withdrawn 1
receive 1
please 2
outside 1
wold 1
echoes 1
their 11
depart-as 1
proceeded 1
constructing 1
domestic 1
meant 1
profoundest 1
at 116
producing 1
lawyer's 2
pipe 1
satisfactory 2
culminate 1
coloring 1
attitude 1
moon-struck 1
interesting 2
are 34
invade 1
unpleasant 2
hold 1
am 25
scrivener's 4
inspirited 1
home 8
stooping 1
mildness 1
voluntary 1
pasteboard 1
makes 1
john 3
above 3
empty 2
departure 2
table 10
though 16
without 17
me,-this 1
losing 1
repulsed 1
furniture 1
gray 3
c 1
glance 1
stairs 5
leaning 1
part 6
deploy 1
gala 1
struck 1
obtained 1
absurd 1
ever 8
profound 1
finger 2
ruminating 1
happiness 1
insisted 2
weren't 1
now 39
fiery 2
subject 1
biography 1
reader 2
said 58
rising 1
hence 2
lodgings 1
desired 2
became 5
description 1
reach 1
devotions 1
blanket-like 1
briefly 2
feelings 1
pyramids 1
lies-sleeping 1
visitors 1
dressed 2
handling 1
assured 2
elderly 2
ricketty 1
causing 1
perverseness-such 1
decease 1
mid 1
accosted 1
commit 1
this;-i 1
persuaded 2
you-and 1
pence 1
crowding 1
manner 7
ones 1
worked 2
established 1
passages 2
forbade 1
christmas 1
proprietor 1
purchase 1
reeling 1
reckless 2
observable 1
transferred 1
putting 2
kindly 1
summons 1
ago 2
priestley 1
murderers 1
affections 1
benefit 3
ungrateful 1
thrusting 2
deferentially 2
also 3
incautiously 1
haggard 1
sake 8
sit 3
took 2
wrote 3
snatch 1
hurrying 1
unseemly 1
weep 1
set 3
pens 1
blunders 1
carthage 1
consider 5
tingling 1
admit 1
to 432
summon 1
abruptly 1
apprentice 1
bribes 1
assumptions 2
thankful 1
tin 1
happened 1
sleeves 2
divulge 1
exactly 2
letting 1
prone 1
act-an 1
reverential 1
diabolical 1
ten 1
carelessly 1
others 2
fair 1
project 1
law 5
windsor 1
intervals 2
blandest 2
casting 1
row 1
scrubbed 1
herself 1
innocent 2
heeding 1
had 88
following 2
exquisite 1
tyrannized 1
addresses 1
speed 1
block 2
permanent 1
hermitage 7
reference 3
recalled 1
invisible 1
begin 1
fine 1
four 5
evinces 1
tape 1
taking 3
face 9
drawer-up 1
confined 1
desk 13
along 1
threatened 1
column 2
stay 6
pray 2
thoroughfares 1
humor 2
mature 1
silence 1
comply 2
construe 1
directory 1
saving's 1
caused 1
twinges 1
hot 2
back 4
emotions 2
seeing 2
falling 1
landlord 4
kick 1
prevailed 1
murder 2
accent 1
hectoring 1
painters 1
could 31
offended 1
violent 2
non-success 1
turning 6
suffrage 1
brought 3
charitable 1
withal 1
aghast 1
shared 1
bitter 1
sell 1
victim 2
dinners 1
err 1
necessary 1
surprised 1
quietness 1
tell 6
thirty 1
incubus 1
justices 1
been 25
original 7
bent 1
flown 1
blazing-but 1
mildly 4
from 64
emphasizing 1
sorts-was 1
sofa 1
papers 15
interior 1
unalterableness 1
quiescent 1
clerk 4
mule 1
discoveries 1
circulation 1
easing 1
heads 1
declare 1
ascendency 1
stifled 1
wisest 1
inclosure 1
appears 1
several 3
peculiar 6
hundred 2
suggested 1
cistern 1
coolest 1
gratification 1
clients 2
sight 3
vague 2
strive 1
smell 1
mayoralty 1
blessed 1
vacancy 1
inspection 1
distress 1
groped 1
eminently 2
restored 1
imagined 2
resort 1
what 55
possibly 4
thither 1
sinister 1
restive 1
request 3
eating 1
eye 1
quick 1
unheard 1
way 11
jury 1
safeguard 1
jersey 1
apple 2
lightning 1
city 2
stones 1
abstaining 1
reputation 1
long 5
unjust 1
swift 1
rallying 1
indifferently 1
principle-a 1
unusual 2
commands 1
poetic 1
half-past 1
introduce 1
lawyers 2
well-better 1
waistbands 1
fire 1
folding 1
remove 2
brush 1
coffee 1
young 5
came 12
mat 2
bottom 1
unconscious 1
grass-seed 1
withstand 1
weeks 1
would 96
ill-tempered 1
padded 1
crumbs 1
astonished 1
hums 1
master 2
our 3
apprehension 1
difficult 1
straight 2
leanly 1
sequel 1
expiration 1
unmoving 1
candidate 1
eagerness 1
dishabille 1
office 38
view 6
feared 1
within-``not 1
before 13
delicious 1
philanthropy 1
silly 1
summary 2
office-boy 1
duty 5
cannot 8
greatly 2
disarmed 2
rate 4
counsellors 1
privacy 3
contemplating 1
couched 1
refectory 1
free 1
permitted 2
go 11
unreasonableness 1
directly 1
pocket 2
eternal 1
desire 1
suppose 3
side 4
lateral 1
entirely 8
line 2
properly 2
slipping 2
purpose 7
friction 1
owe 2
florid 1
seized 1
attaches 1
charity's 1
lowered 1
failings 1
polite 2
introducing 1
reasoned 1
pro 1
means 4
to-day 4
as 101
idea 4
possessor 1
haunting 1
revolved 1
tame 2
depart 4
needless 2
vanished 1
throw 2
irreparable 1
visits 2
sent 4
rooms 3
saying-``with 1
tis 1
impotent 1
narrow 1
bills 2
so 54
billeted 1
unprecedented 1
mulish 1
comparing 1
yonder 2
spacious 1
length 2
possessing 1
put 7
complicated 1
candle-light 1
interrupted 1
commandment 1
off 5
property 1
me-he 1
flight 1
unsurmised 1
prefers 3
screened 1
literature 1
sort 14
eh 1
cannel 1
gainsay 1
employed 2
obstreperousness 1
applying 2
walk 6
new-york 1
may 11
retorts 1
bullying 1
landscape 1
master's 1
folded 3
surmised 1
impossible 1
dodging 1
dismiss 1
business 24
recklessness 1
hire 1
close 4
compliment 1
present 13
mortgage 1
qualifications 1
indubitably 1
dismissed 2
interview 2
loss 1
grass 1
woman 1
yes 8
vegetarian 1
age-even 1
abate 1
impress 1
patience 1
effectually 1
acquisition 1
occupation 1
hungers 1
already 3
incurably 1
dome 1
report 3
conduct 4
weighed 1
heart 4
drove 1
engaged 3
somehow 3
proved 1
apparition 2
acting 1
positively 1
heaped 1
company 1
dilemma 2
how's 1
service 1
virginia 1
eh!-he's 1
sometimes 6
demands 1
adapted 1
sleeping 2
passive 2
inward 1
self-approval 1
perfectly 4
unindulged 1
me 141
sunday 6
town 2
forebodings 1
asking 2
p.m 1
advance 1
indigestion 3
word 16
leave 3
other 24
o'clock 9
afterwards 1
canal-street 1
helped 1
irresistible 1
privileges 1
fervid 1
time 26
fitted 1
then 46
change 5
loneliness 1
fail 1
eating-houses 1
sarvant 2
reaching 1
villain 1
silent 3
heighten 1
motion 2
cool 1
march 1
opening 2
reading 1
leaves 1
received 4
leisure 4
bow 1
men's 1
pacified 1
floor 6
convenience 1
writing 7
respective 1
motioned 1
new 7
deal 1
oblivious 1
fondness 1
somewhat 2
paused 2
described 1
mortgages 1
slowly 4
grappled 1
told 2
beneficially 1
apartment 1
odds 1
premises 9
lead 1
justice 2
peered 1
do-namely 1
mental 1
efficacy 1
miserably 1
knees 1
trinity 2
unknown 1
spicy 2
same 10
socially 1
luny 1
jealousy's 1
born 1
regard 2
die 1
enjoy 1
suburbs 1
entering 2
utterly 1
saved 1
plain 5
paramount 1
passions 1
surroundings 1
were 30
charity:-he 1
mischief 2
measures 1
procured 1
can't 1
orbicular 1
nervousness 2
condolence 1
ruined 1
dismissing 2
attenuated 1
copyist 4
illiberal 1
lethargic 1
gave 2
fellows 1
bank-note 1
clothes 1
latter 1
third 5
occupant 1
during 3
grub-man's 1
top 1
foe 1
sagacious 1
owing 4
a--premature 1
court 1
fugitive 1
poverty 1
originally 1
moulders 1
tone 9
inferior 1
dispatched 1
this,-he 1
solitary 3
hour 1
trying 1
perceptions 1
abiding 1
added 8
suddenly 2
use 2
list 2
considerably 2
luckily 1
mob 1
rapidity 1
outrages 1
glad 1
comprehended 1
keep 3
except 3
beams 1
readily 2
might 24
all-wise 1
low 1
characters 1
intruded 1
replies 1
delivered 1
services 5
not-unpleasing 1
believe 4
pleasantly 1
sand-box 1
civility 1
prudent 3
ready 2
if 44
thrust 5
cleaner 1
thirty-two 1
horses 1
abide 1
defray 1
revery 2
persist 1
they 17
procession 1
betokened 1
afternoon 15
perceive 2
changed 1
hapless 1
lad 2
count 1
public 2
gentlemen 4
retribution 1
cases 1
frighten 1
sighed 1
stubborn 2
intended 2
much 11
walked 3
proof 1
lean 3
circumstances 5
overpowering 1
merchants 1
hurry 2
method 1
beggarly 1
thinker 1
feet 4
appeared 5
against 9
assume 4
prove 6
periods 1
turned 5
reproachful 1
remedying 1
adequate 1
slept 2
teeth 2
familiarly 1
mention 2
occupy 1
handy 1
near-sighted 1
exciting 1
mason 1
successful 1
lofty 2
supposed 1
apart 1
refer 1
copies 4
cart-load 1
thus 3
closely 2
removal 1
particles 1
possession 1
relieve 1
easy 2
glass 1
stand 3
but 121
panel 1
truth 4
years 3
white 3
ugly 1
understanding 1
time-try 1
buttoning 2
innate 1
verify 1
sincerest 1
infirmities 1
done?-a 1
vagrant 5
strictly 1
moving 1
tranquillity 3
share 1
sprung 1
hissed 1
contain 1
suggestive 1
dreadful 1
necessity 2
wrinkle 1
stranger 2
prosperity 1
appointed 1
addressing 3
bank 1
remunerative 1
immobility 1
dull 3
fancyings-chimeras 1
documents 6
gentleness 1
buildings 3
impertinence 1
meaning 3
apt 3
unsolicited 1
mettlesome 1
another 8
next 13
pityingly 1
kind 2
wrought 1
carry 2
engage 1
stare 2
useful 4
making 6
evening 1
six 4
figure 1
strangely 6
wilfulness 1
order 2
drown 1
forgers 2
pardon 1
faintest 1
postpone 1
displayed 1
kindest 1
hard 2
does 8
provide 1
when 36
entrance 2
distinctly 1
impatiently 2
sole 1
foot 1
pondered 1
using 2
nice 1
box 1
incontinently 1
bystanders 1
earthly 2
affected 1
was 195
brain-led 1
provocation 1
peering 1
position 3
application 2
split 1
examined 2
sparkling 1
corridors 1
yes-queer 1
minds 1
according 3
write 3
jerking 2
mind 10
wall 9
confidential 1
adjustment 1
green 1
wasted 1
afflictive 1
eyes 10
munched 1
inscrutable 1
blots 3
adam 2
grew 3
displeased 1
called 10
labors 1
everlasting 1
just 9
bartleby's 7
refrain 1
yet 19
underneath 1
country 1
supposition 1
appeal 1
omnibus 1
air 5
saturdays 1
gaining 1
lid 1
sensitive 1
pen 2
inflamed 2
stagger 1
flames 1
under 14
square 1
grin 1
tore 1
mirror 1
screen 19
unheard-of 1
complete 2
departing 1
round 11
atlantic 1
wanderer 1
murmured 2
life-lease 1
charity 2
alive 1
heartless 1
specimen 1
afternoons 1
permitting 1
give 11
amazing 1
seated 1
professional 4
chairs 1
fellow 4
willingly 1
footfall 1
afforded 1
visible 1
act 2
bits 1
extraordinary 3
mechanical 1
care-free 1
street 3
prudence 1
few 14
hunter 1
prospectively 1
surrounding 2
asleep 1
mending 2
almost 3
narrator's 1
nudity 1
verily 1
far 6
gesture 1
vouchsafed 2
contrasted 1
angry 1
worse 1
forming 1
read 1
since 3
faculties 2
gallantly 1
blacking 1
constitution 2
show 1
bright 1
mysterious 1
authority 1
pleasant 1
then,-strange 1
declared 1
man's 2
an 48
reason 6
cling 1
mechanically 1
impulse 1
moisten 1
laws 1
longed 1
tea 1
trim 1
quart 1
whiskered 1
penny-the 1
state 4
keenly 1
paper-weight 1
of 359
unconditionally 1
towards 16
chin 1
b 1
emerging 1
future 2
mute 1
denying 1
upbraided 1
surmises 1
urged 3
charge 3
acquainted 2
walls 1
circumstance 1
prefer 39
sweeper 1
about 23
shield 1
forget 1
ginger-cake 1
shirt 2
started 1
reflected 2
committed 3
ye 1
indecorous 1
endeavor 2
evil 2
not 151
countenance 3
personage 1
sound 4
roaring 1
persecution 1
temperate 1
waive 1
observed 2
died 5
proceeds 1
composed 1
improved 1
height 2
consumption 1
permits 1
balanced 1
prior 2
offered 3
handled 1
quarters 2
digestion 1
hope 2
impaired 1
pursuit 1
cried 5
ale 1
versa 1
and-preferred 1
warmth 1
trifling 1
stating 1
knee 2
persons 4
behind 18
living 1
running 1
glow 1
whereabouts 1
thereabouts 1
indulgent 2
by 66
grass-platted 1
headed 1
quietude 1
hue 1
profoundly 1
sanguine 1
fare 2
me-gesticulating 1
legs 1
suffered 2
budge 2
rumor 2
oaf 1
with 111
fancy 1
object 1
wordiness 1
ran 4
benevolently 1
went 16
knocking 1
grub-man 6
considering 1
parting 1
full 6
good-natured 1
indicated 1
excessive 1
folio 2
conflicting 1
reclining 1
deranged 3
small 7
collecting 1
wane-till 1
peeped 2
freely 2
sheer 1
indulged 1
proportion 1
resisted 3
apron 2
charmed 1
glory 1
precious 1
him 139
unambitious 1
easiest 1
files 1
tattered 1
supply 1
examine 10
alms-house 1
magical 1
squeamishness 1
sadness 1
brick 2
interested 1
yard 2
pallid 3
vile 1
unusually 1
judgment 2
vaguely 1
pale 10
inhumane 1
getting 3
dollars 1
banister 2
well 10
discharged 1
jingling 1
temperaments 1
proprieties 1
averse 1
testimony 1
coming 3
persists 1
dreadfully 1
events 3
expenses 1
departed 1
one 51
aloof 1
step 4
body 4
blue 1
calm 4
fellow-feeling 1
grounds-cool 1
